<?xml version="1.0" encoding="UTF-8"?>
<!-- Generated by org.testng.reporters.JUnitXMLReporter -->
<testsuite hostname="DESKTOP-QPMSPL4" ignored="0" name="Default test" tests="13" failures="13" timestamp="2021-11-22T12:58:55 IST" time="24.072" errors="0">
  <testcase name="runScenario" time="3.464" classname="io.cucumber.testng.AbstractTestNGCucumberTests">
    <failure type="org.openqa.selenium.SessionNotCreatedException" message="session not created: This version of ChromeDriver only supports Chrome version 94
Current browser version is 96.0.4664.45 with binary path C:\Program Files\Google\Chrome\Application\chrome.exe
Build info: version: &amp;apos;3.141.5&amp;apos;, revision: &amp;apos;d54ebd709a&amp;apos;, time: &amp;apos;2018-11-06T11:42:16&amp;apos;
System info: host: &amp;apos;DESKTOP-QPMSPL4&amp;apos;, ip: &amp;apos;192.168.1.3&amp;apos;, os.name: &amp;apos;Windows 10&amp;apos;, os.arch: &amp;apos;amd64&amp;apos;, os.version: &amp;apos;10.0&amp;apos;, java.version: &amp;apos;1.8.0_301&amp;apos;
Driver info: driver.version: ChromeDriver
remote stacktrace: Backtrace:
	Ordinal0 [0x010BBDE3+2473443]
	Ordinal0 [0x01056661+2057825]
	Ordinal0 [0x00F62438+1057848]
	Ordinal0 [0x00F8054A+1181002]
	Ordinal0 [0x00F7C435+1164341]
	Ordinal0 [0x00F79CAF+1154223]
	Ordinal0 [0x00FA9ADF+1350367]
	Ordinal0 [0x00FA974A+1349450]
	Ordinal0 [0x00FA55AB+1332651]
	Ordinal0 [0x00F82104+1188100]
	Ordinal0 [0x00F82F59+1191769]
	GetHandleVerifier [0x01242266+1549718]
	GetHandleVerifier [0x012ED4A7+2250711]
	GetHandleVerifier [0x0114718B+521403]
	GetHandleVerifier [0x01146229+517465]
	Ordinal0 [0x0105B79D+2078621]
	Ordinal0 [0x0105FB58+2095960]
	Ordinal0 [0x0105FC92+2096274]
	Ordinal0 [0x01069541+2135361]
	BaseThreadInitThunk [0x763EFA29+25]
	RtlGetAppContainerNamedObjectPath [0x77077A9E+286]
	RtlGetAppContainerNamedObjectPath [0x77077A6E+238]
">
      <![CDATA[org.openqa.selenium.SessionNotCreatedException: session not created: This version of ChromeDriver only supports Chrome version 94
Current browser version is 96.0.4664.45 with binary path C:\Program Files\Google\Chrome\Application\chrome.exe
Build info: version: '3.141.5', revision: 'd54ebd709a', time: '2018-11-06T11:42:16'
System info: host: 'DESKTOP-QPMSPL4', ip: '192.168.1.3', os.name: 'Windows 10', os.arch: 'amd64', os.version: '10.0', java.version: '1.8.0_301'
Driver info: driver.version: ChromeDriver
remote stacktrace: Backtrace:
Ordinal0 [0x010BBDE3+2473443]
Ordinal0 [0x01056661+2057825]
Ordinal0 [0x00F62438+1057848]
Ordinal0 [0x00F8054A+1181002]
Ordinal0 [0x00F7C435+1164341]
Ordinal0 [0x00F79CAF+1154223]
Ordinal0 [0x00FA9ADF+1350367]
Ordinal0 [0x00FA974A+1349450]
Ordinal0 [0x00FA55AB+1332651]
Ordinal0 [0x00F82104+1188100]
Ordinal0 [0x00F82F59+1191769]
GetHandleVerifier [0x01242266+1549718]
GetHandleVerifier [0x012ED4A7+2250711]
GetHandleVerifier [0x0114718B+521403]
GetHandleVerifier [0x01146229+517465]
Ordinal0 [0x0105B79D+2078621]
Ordinal0 [0x0105FB58+2095960]
Ordinal0 [0x0105FC92+2096274]
Ordinal0 [0x01069541+2135361]
BaseThreadInitThunk [0x763EFA29+25]
RtlGetAppContainerNamedObjectPath [0x77077A9E+286]
RtlGetAppContainerNamedObjectPath [0x77077A6E+238]

at sun.reflect.NativeConstructorAccessorImpl.newInstance0(Native Method)
at sun.reflect.NativeConstructorAccessorImpl.newInstance(NativeConstructorAccessorImpl.java:62)
at sun.reflect.DelegatingConstructorAccessorImpl.newInstance(DelegatingConstructorAccessorImpl.java:45)
at java.lang.reflect.Constructor.newInstance(Constructor.java:423)
at org.openqa.selenium.remote.W3CHandshakeResponse.lambda$errorHandler$0(W3CHandshakeResponse.java:62)
at org.openqa.selenium.remote.HandshakeResponse.lambda$getResponseFunction$0(HandshakeResponse.java:30)
at org.openqa.selenium.remote.ProtocolHandshake.lambda$createSession$0(ProtocolHandshake.java:123)
at java.util.stream.ReferencePipeline$3$1.accept(ReferencePipeline.java:193)
at java.util.Spliterators$ArraySpliterator.tryAdvance(Spliterators.java:958)
at java.util.stream.ReferencePipeline.forEachWithCancel(ReferencePipeline.java:126)
at java.util.stream.AbstractPipeline.copyIntoWithCancel(AbstractPipeline.java:499)
at java.util.stream.AbstractPipeline.copyInto(AbstractPipeline.java:486)
at java.util.stream.AbstractPipeline.wrapAndCopyInto(AbstractPipeline.java:472)
at java.util.stream.FindOps$FindOp.evaluateSequential(FindOps.java:152)
at java.util.stream.AbstractPipeline.evaluate(AbstractPipeline.java:234)
at java.util.stream.ReferencePipeline.findFirst(ReferencePipeline.java:464)
at org.openqa.selenium.remote.ProtocolHandshake.createSession(ProtocolHandshake.java:125)
at org.openqa.selenium.remote.ProtocolHandshake.createSession(ProtocolHandshake.java:74)
at org.openqa.selenium.remote.HttpCommandExecutor.execute(HttpCommandExecutor.java:136)
at org.openqa.selenium.remote.service.DriverCommandExecutor.execute(DriverCommandExecutor.java:83)
at org.openqa.selenium.remote.RemoteWebDriver.execute(RemoteWebDriver.java:552)
at org.openqa.selenium.remote.RemoteWebDriver.startSession(RemoteWebDriver.java:213)
at org.openqa.selenium.remote.RemoteWebDriver.<init>(RemoteWebDriver.java:131)
at org.openqa.selenium.chrome.ChromeDriver.<init>(ChromeDriver.java:181)
at org.openqa.selenium.chrome.ChromeDriver.<init>(ChromeDriver.java:168)
at org.openqa.selenium.chrome.ChromeDriver.<init>(ChromeDriver.java:157)
at com.mindtree.reusableComponent.WebDriverHelper.launchingBrowser(WebDriverHelper.java:33)
at com.mindtree.StepDefinations.HomePageSD.open_the_browser(HomePageSD.java:28)
at ✽.Open the Browser(file:///M:/MindtreeWorkspace/ComprehensiveAssessmentCucumberFramework/features/01HomePage.feature:4)
]]>
    </failure>
  </testcase> <!-- runScenario -->
  <testcase name="runScenario" time="0.088" classname="io.cucumber.testng.AbstractTestNGCucumberTests">
    <failure type="java.lang.NullPointerException">
      <![CDATA[java.lang.NullPointerException
at com.mindtree.pageObjects.HomePage.getSignIn(HomePage.java:19)
at com.mindtree.StepDefinations.SignInSD.click_on_signin_button(SignInSD.java:33)
at ✽.click on SignIn button(file:///M:/MindtreeWorkspace/ComprehensiveAssessmentCucumberFramework/features/02SignIn.feature:5)
]]>
    </failure>
  </testcase> <!-- runScenario -->
  <testcase name="runScenario" time="0.01" classname="io.cucumber.testng.AbstractTestNGCucumberTests">
    <failure type="java.lang.NullPointerException">
      <![CDATA[java.lang.NullPointerException
at com.mindtree.pageObjects.HomePage.getSignIn(HomePage.java:19)
at com.mindtree.StepDefinations.SignInSD.click_on_signin_button(SignInSD.java:33)
at ✽.click on SignIn button(file:///M:/MindtreeWorkspace/ComprehensiveAssessmentCucumberFramework/features/02SignIn.feature:5)
]]>
    </failure>
  </testcase> <!-- runScenario -->
  <testcase name="runScenario" time="0.009" classname="io.cucumber.testng.AbstractTestNGCucumberTests">
    <failure type="java.lang.NullPointerException">
      <![CDATA[java.lang.NullPointerException
at com.mindtree.pageObjects.HomePage.getSignIn(HomePage.java:19)
at com.mindtree.StepDefinations.SignInSD.click_on_signin_button(SignInSD.java:33)
at ✽.click on SignIn button(file:///M:/MindtreeWorkspace/ComprehensiveAssessmentCucumberFramework/features/02SignIn.feature:5)
]]>
    </failure>
  </testcase> <!-- runScenario -->
  <testcase name="runScenario" time="11.026" classname="io.cucumber.testng.AbstractTestNGCucumberTests">
    <failure type="java.lang.NullPointerException">
      <![CDATA[java.lang.NullPointerException
at com.mindtree.pageObjects.PersonalizedGiftPage.getPersionaizedGiftMenu(PersonalizedGiftPage.java:20)
at com.mindtree.StepDefinations.PersionalizedGiftSD.click_on_the_personalized_gift_menu(PersionalizedGiftSD.java:39)
at ✽.Click on the Personalized Gift Menu(file:///M:/MindtreeWorkspace/ComprehensiveAssessmentCucumberFramework/features/03PersonalizedGift.feature:6)
]]>
    </failure>
  </testcase> <!-- runScenario -->
  <testcase name="runScenario" time="5.726" classname="io.cucumber.testng.AbstractTestNGCucumberTests">
    <failure type="java.lang.NullPointerException">
      <![CDATA[java.lang.NullPointerException
at com.mindtree.pageObjects.SearchBoxPage.getSearchBox(SearchBoxPage.java:21)
at com.mindtree.StepDefinations.SearchProductSD.click_the_searchbox_and_send_prodcut_name_to_search_box(SearchProductSD.java:43)
at ✽.Click the SearchBox and send prodcut name to search box(file:///M:/MindtreeWorkspace/ComprehensiveAssessmentCucumberFramework/features/04SearchProduct.feature:5)
]]>
    </failure>
  </testcase> <!-- runScenario -->
  <testcase name="runScenario" time="0.014" classname="io.cucumber.testng.AbstractTestNGCucumberTests">
    <failure type="java.lang.NullPointerException">
      <![CDATA[java.lang.NullPointerException
at com.mindtree.pageObjects.ChristmasGiftPage.getChristmas(ChristmasGiftPage.java:31)
at com.mindtree.StepDefinations.ChristmasGiftSD.click_on_the_chirstmas_gift_menu_on_the_website(ChristmasGiftSD.java:39)
at ✽.click on the Chirstmas Gift Menu on the website(file:///M:/MindtreeWorkspace/ComprehensiveAssessmentCucumberFramework/features/05ChristmasGift.feature:6)
]]>
    </failure>
  </testcase> <!-- runScenario -->
  <testcase name="runScenario" time="0.039" classname="io.cucumber.testng.AbstractTestNGCucumberTests">
    <failure type="java.lang.NullPointerException">
      <![CDATA[java.lang.NullPointerException
at com.mindtree.pageObjects.ShopByCatagoryPage.getShopByCatagory(ShopByCatagoryPage.java:21)
at com.mindtree.StepDefinations.ShopByCatagorySD.click_on_the_shopbycategory(ShopByCatagorySD.java:39)
at ✽.Click on the ShopByCategory(file:///M:/MindtreeWorkspace/ComprehensiveAssessmentCucumberFramework/features/06ShopByCategory.feature:5)
]]>
    </failure>
  </testcase> <!-- runScenario -->
  <testcase name="runScenario" time="0.021" classname="io.cucumber.testng.AbstractTestNGCucumberTests">
    <failure type="java.lang.NullPointerException">
      <![CDATA[java.lang.NullPointerException
at com.mindtree.pageObjects.AllOfItPage.getAllOfIt(AllOfItPage.java:19)
at com.mindtree.StepDefinations.AllOfItSD.click_on_the_allofit_option_from_the_menu_bar(AllOfItSD.java:34)
at ✽.Click on the AllOfIt option from the menu bar(file:///M:/MindtreeWorkspace/ComprehensiveAssessmentCucumberFramework/features/07AllOfIt.feature:5)
]]>
    </failure>
  </testcase> <!-- runScenario -->
  <testcase name="runScenario" time="3.03" classname="io.cucumber.testng.AbstractTestNGCucumberTests">
    <failure type="java.lang.NullPointerException">
      <![CDATA[java.lang.NullPointerException
at com.mindtree.pageObjects.WishListPage.getWishList(WishListPage.java:22)
at com.mindtree.StepDefinations.WIshListSD.click_on_the_wishlist_option_in_the_web_page(WIshListSD.java:39)
at ✽.Click on the WishList option in the web page(file:///M:/MindtreeWorkspace/ComprehensiveAssessmentCucumberFramework/features/08WishList.feature:5)
]]>
    </failure>
  </testcase> <!-- runScenario -->
  <testcase name="runScenario" time="0.006" classname="io.cucumber.testng.AbstractTestNGCucumberTests">
    <failure type="java.lang.NullPointerException">
      <![CDATA[java.lang.NullPointerException
at com.mindtree.pageObjects.GitCardPage.getGiftCard(GitCardPage.java:19)
at com.mindtree.StepDefinations.GiftCardSD.click_on_the_gift_card_on_the_web_page(GiftCardSD.java:35)
at ✽.Click on the Gift Card on the web page(file:///M:/MindtreeWorkspace/ComprehensiveAssessmentCucumberFramework/features/09GiftCard.feature:6)
]]>
    </failure>
  </testcase> <!-- runScenario -->
  <testcase name="runScenario" time="0.011" classname="io.cucumber.testng.AbstractTestNGCucumberTests">
    <failure type="java.lang.NullPointerException">
      <![CDATA[java.lang.NullPointerException
at com.mindtree.pageObjects.AboutUsPage.getAboutMenu(AboutUsPage.java:19)
at com.mindtree.StepDefinations.AboutUsSD.click_on_the_about_us_from_he_footer_section(AboutUsSD.java:32)
at ✽.Click on the About Us from he footer section(file:///M:/MindtreeWorkspace/ComprehensiveAssessmentCucumberFramework/features/10AboutUs.feature:6)
]]>
    </failure>
  </testcase> <!-- runScenario -->
  <testcase name="runScenario" time="0.012" classname="io.cucumber.testng.AbstractTestNGCucumberTests">
    <failure type="java.lang.NullPointerException">
      <![CDATA[java.lang.NullPointerException
at com.mindtree.pageObjects.ContactUsPage.getContactUs(ContactUsPage.java:43)
at com.mindtree.StepDefinations.ContactUsSD.click_on_contactus_footer(ContactUsSD.java:36)
at ✽.Click on ContactUs footer(file:///M:/MindtreeWorkspace/ComprehensiveAssessmentCucumberFramework/features/11ContactUs.feature:5)
]]>
    </failure>
  </testcase> <!-- runScenario -->
</testsuite> <!-- Default test -->
